{"name": "注册账号", "status": "broken", "statusDetails": {"message": "Exception: ('xpath', 'a[@href=\"#/app/home/member/userinfo\"]') fails to locate, error info: Message: \nStacktrace:\nBacktrace:\n\tGetHandleVerifier [0x00007FF73F9C4A62+57106]\n\t(No symbol) [0x00007FF73F93CF52]\n\t(No symbol) [0x00007FF73F80E2CB]\n\t(No symbol) [0x00007FF73F84786E]\n\t(No symbol) [0x00007FF73F84795C]\n\t(No symbol) [0x00007FF73F880477]\n\t(No symbol) [0x00007FF73F8669FF]\n\t(No symbol) [0x00007FF73F87E522]\n\t(No symbol) [0x00007FF73F866793]\n\t(No symbol) [0x00007FF73F83CE81]\n\t(No symbol) [0x00007FF73F83E064]\n\tGetHandleVerifier [0x00007FF73FC74222+2873042]\n\tGetHandleVerifier [0x00007FF73FCC6590+3209792]\n\tGetHandleVerifier [0x00007FF73FCBF3AF+3180639]\n\tGetHandleVerifier [0x00007FF73FA55F25+652245]\n\t(No symbol) [0x00007FF73F948618]\n\t(No symbol) [0x00007FF73F9447C4]\n\t(No symbol) [0x00007FF73F9448BC]\n\t(No symbol) [0x00007FF73F934C33]\n\tBaseThreadInitThunk [0x00007FF9FB7B26AD+29]\n\tRtlUserThreadStart [0x00007FF9FC66AA68+40]", "trace": "self = <page.user_page.UserPage object at 0x00000207A68FA2B0>\nlocator = ('xpath', 'a[@href=\"#/app/home/member/userinfo\"]')\nconditon = 'visibility', retry = 1\n\n    def find_element(self, locator, conditon = 'visibility', retry = 1):\n        for time in range(retry + 1):\n            try:\n                logger.info(f'Locationg the element {locator}')\n                if conditon == 'visibility':\n>                   node  = self.wait.until(EC.visibility_of_element_located(locator))\n\n..\\..\\page\\base_page.py:21: \n_ _ _ _ _ _ _ _ _ _ _ _ _ _ _ _ _ _ _ _ _ _ _ _ _ _ _ _ _ _ _ _ _ _ _ _ _ _ _ _\n\nself = <selenium.webdriver.support.wait.WebDriverWait (session=\"228947bfc362c694c9876522cbad9107\")>\nmethod = <function visibility_of_element_located.<locals>._predicate at 0x00000207A6997280>\nmessage = ''\n\n    def until(self, method, message: str = \"\"):\n        \"\"\"Calls the method provided with the driver as an argument until the \\\n        return value does not evaluate to ``False``.\n    \n        :param method: callable(WebDriver)\n        :param message: optional message for :exc:`TimeoutException`\n        :returns: the result of the last call to `method`\n        :raises: :exc:`selenium.common.exceptions.TimeoutException` if timeout occurs\n        \"\"\"\n        screen = None\n        stacktrace = None\n    \n        end_time = time.monotonic() + self._timeout\n        while True:\n            try:\n                value = method(self._driver)\n                if value:\n                    return value\n            except self._ignored_exceptions as exc:\n                screen = getattr(exc, \"screen\", None)\n                stacktrace = getattr(exc, \"stacktrace\", None)\n            time.sleep(self._poll)\n            if time.monotonic() > end_time:\n                break\n>       raise TimeoutException(message, screen, stacktrace)\nE       selenium.common.exceptions.TimeoutException: Message: \nE       Stacktrace:\nE       Backtrace:\nE       \tGetHandleVerifier [0x00007FF73F9C4A62+57106]\nE       \t(No symbol) [0x00007FF73F93CF52]\nE       \t(No symbol) [0x00007FF73F80E2CB]\nE       \t(No symbol) [0x00007FF73F84786E]\nE       \t(No symbol) [0x00007FF73F84795C]\nE       \t(No symbol) [0x00007FF73F880477]\nE       \t(No symbol) [0x00007FF73F8669FF]\nE       \t(No symbol) [0x00007FF73F87E522]\nE       \t(No symbol) [0x00007FF73F866793]\nE       \t(No symbol) [0x00007FF73F83CE81]\nE       \t(No symbol) [0x00007FF73F83E064]\nE       \tGetHandleVerifier [0x00007FF73FC74222+2873042]\nE       \tGetHandleVerifier [0x00007FF73FCC6590+3209792]\nE       \tGetHandleVerifier [0x00007FF73FCBF3AF+3180639]\nE       \tGetHandleVerifier [0x00007FF73FA55F25+652245]\nE       \t(No symbol) [0x00007FF73F948618]\nE       \t(No symbol) [0x00007FF73F9447C4]\nE       \t(No symbol) [0x00007FF73F9448BC]\nE       \t(No symbol) [0x00007FF73F934C33]\nE       \tBaseThreadInitThunk [0x00007FF9FB7B26AD+29]\nE       \tRtlUserThreadStart [0x00007FF9FC66AA68+40]\n\n..\\..\\venv\\lib\\site-packages\\selenium\\webdriver\\support\\wait.py:95: TimeoutException\n\nDuring handling of the above exception, another exception occurred:\n\nself = <testcases.user_center.test_user.TestUser object at 0x00000207A68FA7C0>\ndriver = <selenium.webdriver.chrome.webdriver.WebDriver (session=\"228947bfc362c694c9876522cbad9107\")>\n\n    @allure.title('注册账号')\n    def test_register(self, driver):\n        page = UserPage(driver)\n        data = read_yaml()['register_ok']\n        with allure.step('Click register botton'):\n            page.click(page.btn_register)\n    \n        with allure.step('Input username'):\n            page.send_keys(page.input_phone, data['mobile'])\n    \n        with allure.step('Fetch authentication code'):\n            page.click(page.btn_code)\n    \n        with allure.step('获取验证码'):\n            # sql = f\"SELECT code FROM users_verifycode WHERE mobile ={str(data['mobile'])} ORDER BY id LIMITI 1\"\n            mobile = str(data['mobile'])\n            sql = f\"select code from users_verifycode where mobile = {mobile} order by id desc limit 1;\"\n            code = db.select_db_one(sql)['code']\n    \n        with allure.step(\"输入验证码\"):\n            page.send_keys(page.input_code, code)\n    \n        with allure.step('输入密码'):\n            page.send_keys(page.input_password, data['password'])\n    \n        with allure.step('点击注册并登录'):\n            page.click(page.btn_reg_and_login)\n    \n>       text = page.get_text(page.user_name)\n\ntest_user.py:80: \n_ _ _ _ _ _ _ _ _ _ _ _ _ _ _ _ _ _ _ _ _ _ _ _ _ _ _ _ _ _ _ _ _ _ _ _ _ _ _ _\n..\\..\\page\\base_page.py:83: in get_text\n    node = self.find_element(locator)\n_ _ _ _ _ _ _ _ _ _ _ _ _ _ _ _ _ _ _ _ _ _ _ _ _ _ _ _ _ _ _ _ _ _ _ _ _ _ _ _\n\nself = <page.user_page.UserPage object at 0x00000207A68FA2B0>\nlocator = ('xpath', 'a[@href=\"#/app/home/member/userinfo\"]')\nconditon = 'visibility', retry = 1\n\n    def find_element(self, locator, conditon = 'visibility', retry = 1):\n        for time in range(retry + 1):\n            try:\n                logger.info(f'Locationg the element {locator}')\n                if conditon == 'visibility':\n                    node  = self.wait.until(EC.visibility_of_element_located(locator))\n                else:\n                    node = self.wait.until(EC.presence_of_element_located(locator))\n                return node\n            except Exception as e:\n                error_info = f'{locator} fails to locate, error info: {e}'\n                logger.error(error_info)\n                if time < retry:\n                    logger.info(f'Re-locationg the location, current time: {time + 1}')\n                else:\n>                   raise Exception(error_info)\nE                   Exception: ('xpath', 'a[@href=\"#/app/home/member/userinfo\"]') fails to locate, error info: Message: \nE                   Stacktrace:\nE                   Backtrace:\nE                   \tGetHandleVerifier [0x00007FF73F9C4A62+57106]\nE                   \t(No symbol) [0x00007FF73F93CF52]\nE                   \t(No symbol) [0x00007FF73F80E2CB]\nE                   \t(No symbol) [0x00007FF73F84786E]\nE                   \t(No symbol) [0x00007FF73F84795C]\nE                   \t(No symbol) [0x00007FF73F880477]\nE                   \t(No symbol) [0x00007FF73F8669FF]\nE                   \t(No symbol) [0x00007FF73F87E522]\nE                   \t(No symbol) [0x00007FF73F866793]\nE                   \t(No symbol) [0x00007FF73F83CE81]\nE                   \t(No symbol) [0x00007FF73F83E064]\nE                   \tGetHandleVerifier [0x00007FF73FC74222+2873042]\nE                   \tGetHandleVerifier [0x00007FF73FCC6590+3209792]\nE                   \tGetHandleVerifier [0x00007FF73FCBF3AF+3180639]\nE                   \tGetHandleVerifier [0x00007FF73FA55F25+652245]\nE                   \t(No symbol) [0x00007FF73F948618]\nE                   \t(No symbol) [0x00007FF73F9447C4]\nE                   \t(No symbol) [0x00007FF73F9448BC]\nE                   \t(No symbol) [0x00007FF73F934C33]\nE                   \tBaseThreadInitThunk [0x00007FF9FB7B26AD+29]\nE                   \tRtlUserThreadStart [0x00007FF9FC66AA68+40]\n\n..\\..\\page\\base_page.py:31: Exception"}, "steps": [{"name": "Click register botton", "status": "passed", "start": 1691916661476, "stop": 1691916661539}, {"name": "Input username", "status": "passed", "start": 1691916661539, "stop": 1691916661677}, {"name": "Fetch authentication code", "status": "passed", "start": 1691916661677, "stop": 1691916661743}, {"name": "获取验证码", "status": "passed", "start": 1691916661743, "stop": 1691916661793}, {"name": "输入验证码", "status": "passed", "start": 1691916661793, "stop": 1691916661867}, {"name": "输入密码", "status": "passed", "start": 1691916661867, "stop": 1691916661967}, {"name": "点击注册并登录", "status": "passed", "start": 1691916661967, "stop": 1691916662023}], "attachments": [{"name": "log", "source": "dbf95972-f4e1-4e78-8c24-6c598c160d1d-attachment.txt", "type": "text/plain"}], "start": 1691916661474, "stop": 1691916683163, "uuid": "7d7438ea-e68c-4c3c-a2bc-1d0b56accb5c", "historyId": "0b0e5f75fbb82d51ff445c0a076c28f1", "testCaseId": "0b0e5f75fbb82d51ff445c0a076c28f1", "fullName": "testcases.user_center.test_user.TestUser#test_register", "labels": [{"name": "epic", "value": "Project: Meike Market"}, {"name": "feature", "value": "Module: User"}, {"name": "parentSuite", "value": "testcases.user_center"}, {"name": "suite", "value": "test_user"}, {"name": "subSuite", "value": "TestUser"}, {"name": "host", "value": "Ted"}, {"name": "thread", "value": "9640-MainThread"}, {"name": "framework", "value": "pytest"}, {"name": "language", "value": "cpython3"}, {"name": "package", "value": "testcases.user_center.test_user"}]}