{"name": "注册账号", "status": "broken", "statusDetails": {"message": "Exception: ('xpath', '//a[@href=\"#/app/home/member/userinfo\"]') fails to locate, error info: 'NoneType' object has no attribute 'is_displayed'", "trace": "self = <page.user_page.UserPage object at 0x0000012F2AACA9D0>\nlocator = ('xpath', '//a[@href=\"#/app/home/member/userinfo\"]')\nconditon = 'visibility', retry = 1\n\n    def find_element(self, locator, conditon = 'visibility', retry = 1):\n        for time in range(retry + 1):\n            try:\n                logger.info(f'Locationg the element {locator}')\n                if conditon == 'visibility':\n>                   node  = self.wait.until(EC.visibility_of_element_located(locator))\n\n..\\..\\page\\base_page.py:21: \n_ _ _ _ _ _ _ _ _ _ _ _ _ _ _ _ _ _ _ _ _ _ _ _ _ _ _ _ _ _ _ _ _ _ _ _ _ _ _ _\n..\\..\\venv\\lib\\site-packages\\selenium\\webdriver\\support\\wait.py:86: in until\n    value = method(self._driver)\n..\\..\\venv\\lib\\site-packages\\selenium\\webdriver\\support\\expected_conditions.py:152: in _predicate\n    return _element_if_visible(driver.find_element(*locator))\n_ _ _ _ _ _ _ _ _ _ _ _ _ _ _ _ _ _ _ _ _ _ _ _ _ _ _ _ _ _ _ _ _ _ _ _ _ _ _ _\n\nelement = None, visibility = True\n\n    def _element_if_visible(element: WebElement, visibility: bool = True) -> Union[WebElement, bool]:\n>       return element if element.is_displayed() == visibility else False\nE       AttributeError: 'NoneType' object has no attribute 'is_displayed'\n\n..\\..\\venv\\lib\\site-packages\\selenium\\webdriver\\support\\expected_conditions.py:175: AttributeError\n\nDuring handling of the above exception, another exception occurred:\n\nself = <testcases.user_center.test_user.TestUser object at 0x0000012F2AA24F10>\ndriver = <selenium.webdriver.chrome.webdriver.WebDriver (session=\"af2a31818c04da3f91fd42408efc4f32\")>\n\n    @allure.title('注册账号')\n    def test_register(self, driver):\n        page = UserPage(driver)\n        data = read_yaml()['register_ok']\n        with allure.step('Click register botton'):\n            page.click(page.btn_register)\n    \n        with allure.step('Input username'):\n            page.send_keys(page.input_phone, data['mobile'])\n    \n        with allure.step('Fetch authentication code'):\n            page.click(page.btn_code)\n            time.sleep(2)\n        with allure.step('获取验证码'):\n            # sql = f\"SELECT code FROM users_verifycode WHERE mobile ={str(data['mobile'])} ORDER BY id LIMITI 1\"\n            sql = f\"select code from users_verifycode where mobile = {data['mobile']} order by id desc limit 1;\"\n            code = db.select_db_one(sql)['code']\n    \n        with allure.step(\"输入验证码\"):\n            page.send_keys(page.input_code, code)\n    \n        with allure.step('输入密码'):\n            page.send_keys(page.input_password, data['password'])\n    \n        with allure.step('点击注册并登录'):\n            page.click(page.btn_reg_and_login)\n    \n>       text = page.get_text(page.user_name)\n\ntest_user.py:79: \n_ _ _ _ _ _ _ _ _ _ _ _ _ _ _ _ _ _ _ _ _ _ _ _ _ _ _ _ _ _ _ _ _ _ _ _ _ _ _ _\n..\\..\\page\\base_page.py:83: in get_text\n    node = self.find_element(locator)\n_ _ _ _ _ _ _ _ _ _ _ _ _ _ _ _ _ _ _ _ _ _ _ _ _ _ _ _ _ _ _ _ _ _ _ _ _ _ _ _\n\nself = <page.user_page.UserPage object at 0x0000012F2AACA9D0>\nlocator = ('xpath', '//a[@href=\"#/app/home/member/userinfo\"]')\nconditon = 'visibility', retry = 1\n\n    def find_element(self, locator, conditon = 'visibility', retry = 1):\n        for time in range(retry + 1):\n            try:\n                logger.info(f'Locationg the element {locator}')\n                if conditon == 'visibility':\n                    node  = self.wait.until(EC.visibility_of_element_located(locator))\n                else:\n                    node = self.wait.until(EC.presence_of_element_located(locator))\n                return node\n            except Exception as e:\n                error_info = f'{locator} fails to locate, error info: {e}'\n                logger.error(error_info)\n                if time < retry:\n                    logger.info(f'Re-locationg the location, current time: {time + 1}')\n                else:\n>                   raise Exception(error_info)\nE                   Exception: ('xpath', '//a[@href=\"#/app/home/member/userinfo\"]') fails to locate, error info: 'NoneType' object has no attribute 'is_displayed'\n\n..\\..\\page\\base_page.py:31: Exception"}, "steps": [{"name": "Click register botton", "status": "passed", "start": 1691985836237, "stop": 1691985836313}, {"name": "Input username", "status": "passed", "start": 1691985836313, "stop": 1691985836394}, {"name": "Fetch authentication code", "status": "passed", "start": 1691985836394, "stop": 1691985838432}, {"name": "获取验证码", "status": "passed", "start": 1691985838432, "stop": 1691985838482}, {"name": "输入验证码", "status": "passed", "start": 1691985838482, "stop": 1691985838535}, {"name": "输入密码", "status": "passed", "start": 1691985838535, "stop": 1691985838585}, {"name": "点击注册并登录", "status": "passed", "start": 1691985838585, "stop": 1691985838621}], "start": 1691985836236, "stop": 1691985850218, "uuid": "6e50ae9d-a1d3-4b79-a9da-6f8876c404ac", "historyId": "0b0e5f75fbb82d51ff445c0a076c28f1", "testCaseId": "0b0e5f75fbb82d51ff445c0a076c28f1", "fullName": "testcases.user_center.test_user.TestUser#test_register", "labels": [{"name": "epic", "value": "Project: Meike Market"}, {"name": "feature", "value": "Module: User"}, {"name": "parentSuite", "value": "testcases.user_center"}, {"name": "suite", "value": "test_user"}, {"name": "subSuite", "value": "TestUser"}, {"name": "host", "value": "Ted"}, {"name": "thread", "value": "13732-MainThread"}, {"name": "framework", "value": "pytest"}, {"name": "language", "value": "cpython3"}, {"name": "package", "value": "testcases.user_center.test_user"}]}